Arguments: 
  D:\Program Files\nodejs\node.exe D:\Program\node_modules\yarn\bin\yarn.js install

PATH: 
  C:\Windows\system32;C:\Windows;C:\Windows\System32\Wbem;C:\Windows\System32\WindowsPowerShell\v1.0\;C:\Windows\System32\OpenSSH\;C:\Users\m2\AppData\Roaming\nvm;D:\Program Files\nodejs;D:\Program Files\Git\cmd;D:\platform-tools;C:\Users\m2\AppData\Local\Microsoft\WindowsApps;D:\安装目录\Microsoft VS Code\bin;D:\Program Files\nodejs\node_global;D:\Program Files\nodejs\node_global\node_modules;D:\MongoDB\bin;D:\Program;C:\Users\m2\AppData\Roaming\nvm\v12.18.4\node_global

Yarn version: 
  1.22.10

Node version: 
  16.5.0

Platform: 
  win32 x64

Trace: 
  Error: 1884:error:1408F119:SSL routines:ssl3_get_record:decryption failed or bad record mac:c:\ws\deps\openssl\openssl\ssl\record\ssl3_record.c:677:

npm manifest: 
  {
    "name": "myproject2",
    "version": "1.0.0",
    "main": "node_modules/expo/AppEntry.js",
    "scripts": {
      "start": "expo start",
      "android": "expo start --android",
      "ios": "expo start --ios",
      "web": "expo start --web",
      "eject": "expo eject"
    },
    "dependencies": {
      "expo": "~45.0.0",
      "expo-status-bar": "~1.3.0",
      "react": "17.0.2",
      "react-dom": "17.0.2",
      "react-native": "0.68.2",
      "react-native-web": "0.17.7"
    },
    "devDependencies": {
      "@babel/core": "^7.12.9"
    },
    "private": true
  }

yarn manifest: 
  No manifest

Lockfile: 
  No lockfile
